0:100  0:100  MemLog inited, TSC freq: 2591588819
0:100  0:000  CPU was calibrated with ACPI PM Timer
0:100  0:000  
0:100  0:000  Now is 5.5.2019,  8:3:24 (GMT)
0:100  0:000  Starting Clover revision: 4920 on American Megatrends EFI
0:100  0:000  Build with: [Args: -nb -mc --no-usb -D NO_GRUB_DRIVERS_EMBEDDED | -D DISABLE_USB_SUPPORT -D NO_GRUB_DRIVERS_EMBEDDED -D USE_BIOS_BLOCKIO -D USE_LOW_EBDA -D HAVE_LEGACY_EMURUNTIMEDXE -a X64 -b RELEASE -t XCODE8 -n 5 | OS: 10.13.6 | XCODE: 10.1]
0:100  0:000  SelfDevicePath=PciRoot(0x0)\Pci(0x1F,0x2)\Sata(0x0,0xFFFF,0x0)\HD(1,GPT,F65615B0-B381-4D39-A775-BB7D98A0F08A,0x28,0x64000) @CF3E3218
0:100  0:000  SelfDirPath = \EFI\BOOT
0:100  0:000  === [ Get Smbios ] ========================================
0:100  0:000  Type 16 Index = 0
0:100  0:000  Total Memory Slots Count = 2
0:100  0:000  Type 17 Index = 0
0:100  0:000  SmbiosTable.Type17->Speed = 1600MHz
0:100  0:000  SmbiosTable.Type17->Size = 4096MB
0:100  0:000  SmbiosTable.Type17->Bank/Device = BANK 0 ChannelA-DIMM0
0:100  0:000  SmbiosTable.Type17->Vendor = Hynix/Hyundai
0:100  0:000  SmbiosTable.Type17->SerialNumber = 0031BC45
0:100  0:000  SmbiosTable.Type17->PartNumber = HMT351S6EFR8A-PB  
0:100  0:000  Type 17 Index = 1
0:100  0:000  SmbiosTable.Type17->Speed = 1600MHz
0:100  0:000  SmbiosTable.Type17->Size = 4096MB
0:100  0:000  SmbiosTable.Type17->Bank/Device = BANK 2 ChannelB-DIMM0
0:100  0:000  SmbiosTable.Type17->Vendor = Hynix/Hyundai
0:100  0:000  SmbiosTable.Type17->SerialNumber = 0081BC46
0:100  0:000  SmbiosTable.Type17->PartNumber = HMT351S6EFR8A-PB  
0:100  0:000  Boot status=0
0:100  0:000  Running on: 'Latitude E6330' with board '0V2C2Y'
0:100  0:000  === [ GetCPUProperties ] ==================================
0:100  0:000  CPU Vendor = 756E6547 Model=306A9
0:100  0:000   The CPU supported SSE4.1
0:100  0:000  BrandString = Intel(R) Core(TM) i5-3320M CPU @ 2.60GHz
0:100  0:000   The CPU supported turbo
0:100  0:000  MSR 0x35               20004
0:100  0:000  MSR 0xE2 before patch 1E008404
0:100  0:000  MSR 0xE2 is locked, PM patches will be turned on
0:100  0:000  MSR 0xCE              00080C10_E0011A00
0:100  0:000  corrected FLEX_RATIO = 100000
0:100  0:000  MSR 0x1B0             00000000
0:100  0:000  FSBFrequency = 100 MHz, DMI FSBFrequency = 100 MHz, Corrected FSBFrequency = 100 MHz
0:100  0:000  MaxDiv/MinDiv: 26.0/12
0:100  0:000  Turbo: 31/31/31/33
0:100  0:000  Features: 0xBFEBFBFF
0:100  0:000  Threads: 4
0:100  0:000  Cores: 2
0:100  0:000  FSB: 100 MHz
0:100  0:000  CPU: 2600 MHz
0:100  0:000  TSC: 2600 MHz
0:100  0:000  PIS: 100 MHz
0:100  0:000  ExternalClock: 25 MHz
0:100  0:000  === [ GetDevices ] ========================================
0:100  0:000  PCI (00|00:00.00) : 8086 0154 class=060000
0:100  0:000  PCI (00|00:02.00) : 8086 0166 class=030000
0:100  0:000   - GFX: Model=Intel HD Graphics 4000 (Intel)
0:100  0:000  PCI (00|00:14.00) : 8086 1E31 class=0C0330
0:100  0:000  PCI (00|00:16.00) : 8086 1E3A class=078000
0:100  0:000  PCI (00|00:16.01) : FFFF FFFF class=FFFFFF
0:100  0:000  PCI (00|00:16.03) : 8086 1E3D class=070002
0:100  0:000  PCI (00|00:19.00) : 8086 1502 class=020000
0:100  0:000   - LAN: 0 Vendor=Intel
0:100  0:000  PCI (00|00:1A.00) : 8086 1E2D class=0C0320
0:100  0:000  PCI (00|00:1B.00) : 8086 1E20 class=040300
0:100  0:000  PCI (00|00:1C.00) : 8086 1E10 class=060400
0:100  0:000  PCI (00|00:1C.01) : 8086 1E12 class=060400
0:100  0:000  PCI (00|02:00.00) : 14E4 43B1 class=028000
0:100  0:000   - WIFI: Vendor=Broadcom
0:100  0:000  PCI (00|00:1C.02) : 8086 1E14 class=060400
0:100  0:000  PCI (00|00:1C.03) : 8086 1E16 class=060400
0:100  0:000  PCI (00|00:1C.05) : 8086 1E1A class=060400
0:100  0:000  PCI (00|0B:00.00) : 1217 8221 class=080501
0:100  0:000  PCI (00|0B:00.01) : FFFF FFFF class=FFFFFF
0:100  0:000  PCI (00|00:1D.00) : 8086 1E26 class=0C0320
0:100  0:000  PCI (00|00:1F.00) : 8086 1E55 class=060100
0:100  0:000  PCI (00|00:1F.02) : 8086 1E03 class=010601
0:100  0:000  PCI (00|00:1F.03) : 8086 1E22 class=0C0500
0:100  0:000  PCI (00|00:1F.06) : FFFF FFFF class=FFFFFF
0:100  0:000  === [ GetDefaultSettings ] ================================
0:101  0:000  Clover load options size = 198 bytes
0:131  0:030  EFI\CLOVER\.plist not loaded with name from LoadOptions: Not Found
0:143  0:012  EFI\CLOVER\config.plist loaded: Success
0:143  0:000  === [ GetListOfThemes ] ===================================
0:153  0:009  - [00]: METAL
0:179  0:026  - [01]: Minimalism
0:182  0:002  - [02]: BGM
0:227  0:045  - [03]: Yosemite
0:247  0:019  - [04]: RANDOM
0:262  0:014  - [04]: EMBEDDED
0:265  0:003  === [ Found config plists ] ===============================
0:265  0:000  - config.plist
0:265  0:000  === [ GetEarlyUserSettings ] ==============================
0:265  0:000  timeout set to 0
0:265  0:000  Custom boot CUSTOM_BOOT_DISABLED (0x0)
0:265  0:000  ForceKextsToLoad: 1 requested
0:265  0:000   - [0]: :\System\Library\Extensions\IONetworkingFamily.kext
0:265  0:000  Default theme: Minimalism
0:265  0:000  === [ LoadDrivers ] =======================================
0:281  0:015  Loading AppleImageCodec-64.efi  status=Success
0:290  0:008  Loading AppleKeyAggregator-64.efi  status=Success
0:292  0:002  Loading AppleUITheme-64.efi  status=Success
0:294  0:001  Loading DataHubDxe-64.efi  status=Success
0:314  0:020  Loading EmuVariableUefi-64.efi  status=Success
0:316  0:001  EmuVariableUefi Initialize: VariableCommonInitialize = Success, orig services stored, install gEmuVariableControlProtocolGuid = Success
0:316  0:000  Loading FirmwareVolume-64.efi  status=Success
0:318  0:001  Loading FSInject-64.efi  status=Success
0:319  0:001  Loading OsxAptioFix2Drv-64.efi  status=Success
0:321  0:001  Loading OsxFatBinaryDrv-64.efi  status=Success
0:322  0:001  Loading PartitionDxe-64.efi  status=Success
0:323  0:001   - driver needs connecting
0:323  0:000  Loading SMCHelper-64.efi  status=Success
0:325  0:001  Loading APFS.EFI  status=Success
0:340  0:014   - driver needs connecting
0:340  0:000  Loading HFSPlus.efi  status=Success
0:342  0:002   - driver needs connecting
0:342  0:000  3 drivers needs connecting ...
0:342  0:000  PlatformDriverOverrideProtocol not found. Installing ... Success
0:342  0:000  Partition driver loaded: 
0:342  0:000  HFS+ driver loaded
0:342  0:000  APFS driver loaded
0:342  0:000  Searching for invalid DiskIo BY_DRIVER connects: not found, all ok
1:127  0:784  EmuVariable InstallEmulation: orig vars copied, emu.var.services installed, CreateEvent VirtualAddressChange = Success, CreateEvent ExitBootServices = Success, set Status=Success
1:151  0:024  === [ InitScreen ] ========================================
1:151  0:000  Console modes reported: 4, available modes:
1:151  0:000   - [01]: 80x25
1:151  0:000   - [03]: 100x31
1:151  0:000   - [04]: 170x40 (current mode)
1:151  0:000  SetScreenResolution: 1366x768 - already set
1:151  0:000  reinit: self device path=PciRoot(0x0)\Pci(0x1F,0x2)\Sata(0x0,0xFFFF,0x0)\HD(1,GPT,F65615B0-B381-4D39-A775-BB7D98A0F08A,0x28,0x64000)
1:151  0:000  === [ GetMacAddress ] =====================================
1:151  0:000  MAC address of LAN #0= D4:BE:D9:88:6C:F7:
1:151  0:000  === [ ScanSPD ] ===========================================
1:151  0:000  Scanning SMBus [8086:1E22], mmio: 0xF7C35004, ioport: 0xF040, hostc: 0x1
1:171  0:019  Slot: 0 Type 24 4096MB 1600MHz Vendor=SK Hynix PartNo=HMT351S6EFR8A-PBN0 SerialNo=000003010B0C0405
1:191  0:019  Slot: 2 Type 24 4096MB 1600MHz Vendor=SK Hynix PartNo=HMT351S6EFR8A-PBN0 SerialNo=000008010B0C0406
1:192  0:000  === [ GetAcpiTablesList ] =================================
1:192  0:000  Get Acpi Tables List from RSDT:
1:192  0:000   - [00]: FACP  CBX3    len=132
1:192  0:000   - [01]: APIC  CBX3    len=114
1:192  0:000   - [02]: FPDT  CBX3    len=68
1:192  0:000   - [03]: MCFG  CBX3    len=60
1:192  0:000   - [04]: HPET  CBX3    len=56
1:192  0:000   - [05]: SSDT  SataTabl len=1045
1:192  0:000   - [06]: SSDT  Cpu0Ist len=2489
1:192  0:000   - [07]: SSDT  CpuPm len=2850
1:192  0:000   - [08]: DMAR  SNB  len=184
1:192  0:000   - [09]: ASF!   HCG len=165
1:192  0:000   - [10]: SLIC  CBX3    len=374
1:192  0:000   - [11]: BGRT   len=56
1:192  0:000  Calibrated TSC Frequency = 2591588819 = 2591MHz
1:192  0:000  === [ GetUserSettings ] ===================================
1:192  0:000  USB FixOwnership: yes
1:192  0:000  Dropping 1 tables:
1:192  0:000   - [00]: Drop table  signature="DMAR" (52414D44)
1:192  0:000           - set table: 52414D44,                0 to drop: yes
1:192  0:000   - final DSDT Fix mask=1FF60100
1:192  0:000  EnableC6: yes
1:192  0:000  Using ProductName from config: MacBookPro9,2
1:192  0:000  Using latest BiosVersion from clover
1:192  0:000  BiosVersion: MBP91.88Z.F000.B00.1902141752
1:192  0:000  BiosReleaseDate: 02/14/2019
1:192  0:000  Using EfiVersion from clover: 224.0.0.0.0
1:192  0:000  Using FirmwareFeatures from config: 0xC00DE137
1:192  0:000  Using FirmwareFeaturesMask from config: 0xFF1FFF3F
1:192  0:000  Board-ID set from config as Mac-6F01561E16C75D06
1:192  0:000  BoardType: 0xA
1:192  0:000  ChassisType: 0xA
1:192  0:000  Converted CustomUUID 26D76F95-2374-4E11-A01F-9E81C940732F
1:221  0:029  === [ Found DSDT tables ] =================================
1:222  0:000  - DSDT.AML
1:417  0:195  === [ ScanVolumes ] =======================================
1:417  0:000  Found 4 volumes with blockIO
1:417  0:000  - [00]: Volume: PciRoot(0x0)\Pci(0x1F,0x2)\Sata(0x0,0xFFFF,0x0)
1:420  0:002  - [01]: Volume: PciRoot(0x0)\Pci(0x1F,0x2)\Sata(0x0,0xFFFF,0x0)\HD(1,GPT,F65615B0-B381-4D39-A775-BB7D98A0F08A,0x28,0x64000)
1:421  0:001          Result of bootcode detection: bootable unknown (legacy)
1:449  0:028          This is SelfVolume !!
1:449  0:000  - [02]: Volume: PciRoot(0x0)\Pci(0x1F,0x2)\Sata(0x0,0xFFFF,0x0)\HD(2,GPT,8D45E7C2-4C31-4102-A3B8-42714D36D087,0x64028,0x252948D8)
1:455  0:005          Result of bootcode detection: bootable unknown (legacy)
1:455  0:000  - [03]: Volume: PciRoot(0x0)\Pci(0x1F,0x2)\Sata(0x0,0xFFFF,0x0)\HD(3,GPT,342AA490-B41D-4EE3-B7E3-B7CE9B2694BB,0x252F8900,0x135F20)
1:464  0:008  Loading nvram.plist from Vol 'EFI' - loaded, size=2918
1:489  0:025  === [ PutNvramPlistToRtVars ] =============================
1:489  0:000   Adding Key: EFILoginHiDPI: Size = 4, Data: 00 00 00 00 
1:489  0:000   Skipping EmuVariableUefiPresent
1:489  0:000   Skipping OsxAptioFixDrv-RelocBase
1:489  0:000   Adding Key: boot-args: String: Size = 26, Val = 'kext-dev-mode=1 rootless=0'
1:489  0:000   Adding Key: bootercfg: Size = 2, Data: 28 00 
1:489  0:000   Adding Key: csr-active-config: Size = 4, Data: 67 00 00 00 
1:489  0:000   Adding Key: efi-boot-device: Size = 216, Data: 3C 61 72 72 61 79 3E 3C 64 69 63 74 3E 3C 6B 65 79 3E 49 4F 4D 61 74 63 68 3C 2F 6B 65 79 3E 3C 64 69 63 74 3E 3C 6B 65 79 3E 49 4F 50 72 6F 76 69 64 65 72 43 6C 61 73 73 3C 2F 6B 65 79 3E 3C 73 74 72 69 6E 67 3E 49 4F 4D 65 64 69 61 3C 2F 73 74 72 69 6E 67 3E 3C 6B 65 79 3E 49 4F 50 72 6F 70 65 72 74 79 4D 61 74 63 68 3C 2F 6B 65 79 3E 3C 64 69 63 74 3E 3C 6B 65 79 3E 55 55 49 44 3C 2F 6B 65 79 3E 3C 73 74 72 69 6E 67 3E 34 30 41 38 46 35 45 35 2D 30 41 36 36 2D 34 43 30 39 2D 41 34 45 35 2D 46 41 37 39 31 45 35 38 42 32 34 34 3C 2F 73 74 72 69 6E 67 3E 3C 2F 64 69 63 74 3E 3C 2F 64 69 63 74 3E 3C 2F 64 69 63 74 3E 3C 2F 61 72 72 61 79 3E 
1:489  0:000   Adding Key: efi-boot-device-data: Size = 80, Data: 02 01 0C 00 D0 41 03 0A 00 00 00 00 01 01 06 00 03 01 01 01 06 00 01 00 03 12 0A 00 03 00 FF FF 00 00 04 01 2A 00 02 00 00 00 28 40 06 00 00 00 00 00 20 19 12 1D 00 00 00 00 E5 F5 A8 40 66 0A 09 4C A4 E5 FA 79 1E 58 B2 44 02 02 7F FF 04 00 
1:489  0:000   Adding Key: fakesmc-key-#KEY-ui32: Size = 4, Data: 00 00 00 10 
1:489  0:000   Adding Key: fakesmc-key-$Adr-ui32: Size = 4, Data: 00 00 03 00 
1:489  0:000   Adding Key: fakesmc-key-$Num-ui8: Size = 1, Data: 01 
1:489  0:000   Adding Key: fakesmc-key-BATP-flag: Size = 1, Data: 00 
1:489  0:000   Adding Key: fakesmc-key-BEMB-flag: Size = 1, Data: 00 
1:489  0:000   Adding Key: fakesmc-key-BNum-ui8: Size = 1, Data: 00 
1:489  0:000   Adding Key: fakesmc-key-CLKH-{clh: Size = 8, Data: 00 00 70 80 00 01 19 40 
1:489  0:000   Adding Key: fakesmc-key-CLKT-ui32: Size = 4, Data: 00 01 4F 62 
1:489  0:000   Adding Key: fakesmc-key-EPCI-ui32: Size = 4, Data: 02 C0 07 00 
1:489  0:000   Adding Key: fakesmc-key-MSAc-ui16: Size = 2, Data: 00 00 
1:489  0:000   Adding Key: fakesmc-key-MSDW-ui8: Size = 1, Data: 01 
1:489  0:000   Adding Key: fakesmc-key-MSFW-ui8: Size = 2, Data: 01 00 
1:489  0:000   Adding Key: fakesmc-key-MSLD-ui8: Size = 1, Data: 00 
1:489  0:000   Adding Key: fakesmc-key-MSPS-ui16: Size = 2, Data: 00 03 
1:489  0:000   Adding Key: fakesmc-key-MSTc-ui8: Size = 1, Data: 00 
1:489  0:000   Adding Key: fakesmc-key-MSWr-ui8: Size = 1, Data: 00 
1:489  0:000   Adding Key: fakesmc-key-NATJ-ui8: Size = 1, Data: 00 
1:489  0:000   Adding Key: fakesmc-key-NATi-ui16: Size = 2, Data: 00 00 
1:490  0:000   Adding Key: fakesmc-key-NTOK-ui8: Size = 1, Data: 01 
1:490  0:000   Adding Key: fakesmc-key-RBr -ch8*: Size = 8, Data: 6B 35 00 00 00 00 00 00 
1:490  0:000   Adding Key: fakesmc-key-REV -ch8*: Size = 6, Data: 01 39 0F 00 00 11 
1:490  0:000   Adding Key: fakesmc-key-RMde-char: Size = 1, Data: 41 
1:490  0:000   Adding Key: fakesmc-key-RPlt-ch8*: Size = 8, Data: 6B 35 00 00 00 00 00 00 
1:490  0:000   Adding Key: flagstate: Size = 32, Data: 00 00 00 00 00 00 00 00 00 00 00 00 00 00 00 00 00 00 00 00 00 00 00 00 00 00 00 00 00 00 00 00 
1:490  0:000   Adding Key: fmm-computer-name: Size = 17, Data: 4B 65 69 74 68 E2 80 99 73 20 4D 61 63 20 50 72 6F 
1:490  0:000   Adding Key: nvda_drv: Size = 2, Data: 31 00 
1:490  0:000   Adding Key: platform-uuid: Size = 16, Data: 00 00 00 00 00 00 00 00 00 00 00 00 00 00 00 00 
1:490  0:000   Adding Key: prev-lang:kbd: Size = 4, Data: 65 6E 3A 30 
1:490  0:000   Adding Key: security-mode: String: Size = 4, Val = 'none'
1:490  0:000   Adding Key: specialbootdevice: Size = 80, Data: 02 01 0C 00 D0 41 03 0A 00 00 00 00 01 01 06 00 03 01 01 01 06 00 01 00 03 12 0A 00 03 00 FF FF 00 00 04 01 2A 00 02 00 00 00 28 40 06 00 00 00 00 00 20 19 12 1D 00 00 00 00 E5 F5 A8 40 66 0A 09 4C A4 E5 FA 79 1E 58 B2 44 02 02 7F FF 04 00 
1:490  0:000  No AudioIoProtocols, status=Not Found
1:490  0:000  === [ InitTheme ] =========================================
1:490  0:000  use night theme
1:502  0:012  Using theme 'Minimalism' (EFI\CLOVER\themes\Minimalism)
1:502  0:000  OS main and drive as badge
1:502  0:000  file sound read: sound_night.wav Not Found
1:502  0:000  file sound read: sound.wav Not Found
1:505  0:002  Loading font from ThemeDir: Success
1:505  0:000  theme inited
1:505  0:000  Chosen theme Minimalism
1:505  0:000  found boot-args in NVRAM:kext-dev-mode=1 rootless=0, size=26
1:505  0:000  ...found arg:kext-dev-mode=1
1:505  0:000  ...adding arg:kext-dev-mode=1
1:505  0:000  ...found arg:rootless=0
1:505  0:000  ...adding arg:rootless=0
1:505  0:000  after NVRAM boot-args=-v abm_firstpolldelay=20000 kext-dev-mode=1 rootless=0 
1:505  0:000  === [ Dump SMC keys from NVRAM ] ==========================
1:505  0:000  found AppleSMC protocol
1:506  0:000  Registered 24 SMC keys
1:506  0:000  === [ ScanLoader ] ========================================
1:506  0:000  - [01]: 'EFI'
1:506  0:000          AddLoaderEntry for Volume Name=EFI
1:506  0:000          skipped because entry is hidden
1:506  0:000  - [02]: 'Laptop Backup'
1:539  0:033          AddLoaderEntry for Volume Name=Laptop Backup
1:668  0:129          AddLoaderEntry for Volume Name=Laptop Backup
1:706  0:037      hibernated: set as never
1:708  0:002  - [03]: 'Recovery HD'
1:763  0:054          AddLoaderEntry for Volume Name=Recovery HD
1:778  0:014      hibernated: set as never
1:779  0:000          AddLoaderEntry for Volume Name=Recovery HD
1:789  0:010  === [ AddCustomTool ] =====================================
1:826  0:037  found tool \EFI\CLOVER\tools\Shell64U.efi
1:826  0:000  Checking EFI partition Volume 1 for Clover
1:827  0:000   Found Clover
1:831  0:004  EmuVariable UninstallEmulation: CloseEvent = Success, original var services restored
1:834  0:003  EmuVariable InstallEmulation: orig vars copied, emu.var.services installed, CreateEvent VirtualAddressChange = Success, CreateEvent ExitBootServices = Success, set Status=Success
1:859  0:024  === [ GetEfiBootDeviceFromNvram ] =========================
1:859  0:000   - efi-boot-device-data: PciRoot(0x0)\Pci(0x1,0x3)\Pci(0x0,0x1)\Sata(0x3,0xFFFF,0x0)\HD(2,GPT,40A8F5E5-0A66-4C09-A4E5-FA791E58B244,0x64028,0x1D121920)
1:859  0:000    - Volume: 'PciRoot(0x0)\Pci(0x1,0x3)\Pci(0x0,0x1)\Sata(0x3,0xFFFF,0x0)\HD(2,GPT,40A8F5E5-0A66-4C09-A4E5-FA791E58B244,0x64028,0x1D121920)'
1:859  0:000    - LoaderPath: '<null string>'
1:859  0:000    - Guid = 40A8F5E5-0A66-4C09-A4E5-FA791E58B244
1:859  0:000  === [ FindStartupDiskVolume ] =============================
1:859  0:000    - Volume: partition = PciRoot(0x0)\Pci(0x1,0x3)\Pci(0x0,0x1)\Sata(0x3,0xFFFF,0x0)\HD(2,GPT,40A8F5E5-0A66-4C09-A4E5-FA791E58B244,0x64028,0x1D121920)
1:859  0:000     - searching for that partition
1:859  0:000      - [!] not found
1:859  0:000     - searching again, but comparing Media dev path nodes
1:859  0:000      - [!] not found
1:859  0:000  Default boot entry not found
1:859  0:000  EmuVariable UninstallEmulation: CloseEvent = Success, original var services restored
1:859  0:000  DefaultIndex=-1 and MainMenu.EntryCount=10
1:918  0:058  GUI ready
65:433  63:515  EDITED: 
87:072  21:638  Found UEFI Acpi 2.0 RSDP at D6FF3000
87:072  0:000  Saving ACPI tables from RSDP D6FF3000 to EFI\CLOVER\ACPI\origin ...
87:072  0:000   D6FF3000: 'RSD PTR ', Rev: 2 (Acpi 2.0 or newer), Len: 36 -> RSDP.aml
87:137  0:065    (Xsdt: D6FF3080, Rsdt: D6FF3028)
87:137  0:000    D6FF3080: 'XSDT', 'CBX3', Rev: 1, Len: 132 -> XSDT.aml
87:179  0:041    D6FF3028: 'RSDT', 'CBX3', Rev: 1, Len: 84 -> RSDT.aml
87:220  0:040    Tables in Xsdt: 12
87:220  0:000    0. D6FFD6B8: 'FACP', 'CBX3', Rev: 5, Len: 268 -> FACP.aml
87:261  0:041        (Dsdt: D6FF3198, Facs: D87FE080, XDsdt: D6FF3198, XFacs: 0)
87:261  0:000        D6FF3198: 'DSDT', 'CBX3', Rev: 2, Len: 42268 -> DSDT.aml
87:270  0:009        D87FE080: 'FACS', Ver: 2, Len: 64 -> FACS.aml
87:274  0:003    1. D6FFD7C8: 'APIC', 'CBX3', Rev: 3, Len: 114 -> APIC.aml
87:277  0:003    2. D6FFD840: 'FPDT', 'CBX3', Rev: 1, Len: 68 -> FPDT.aml
87:289  0:011    3. D6FFD888: 'MCFG', 'CBX3', Rev: 1, Len: 60 -> MCFG.aml
87:292  0:003    4. D6FFD8C8: 'HPET', 'CBX3', Rev: 1, Len: 56 -> HPET.aml
87:295  0:003    5. D6FFD900: 'SSDT', 'SataTabl', Rev: 1, Len: 1045 -> SSDT-0-SataTabl.aml
87:299  0:003    6. D6FFDD18: 'SSDT', 'Cpu0Ist', Rev: 1, Len: 2489 -> SSDT-1-Cpu0Ist.aml
87:379  0:080    7. D6FFE6D8: 'SSDT', 'CpuPm', Rev: 1, Len: 2850 -> SSDT-2-CpuPm.aml (Found hidden SSDT 4 pcs)
87:382  0:003        * D043D018: 'SSDT', 'CpuPm', Rev: 1, Len: 2850  53 53 44 54 22 0B 00 00 01 0B 50 6D 52 65 66 00 Internal length = 2850 -> SSDT-x2_0-CpuPm.aml
87:388  0:005        * DA00FA98: 'SSDT', 'ApIst', Rev: 1, Len: 771  53 53 44 54 03 03 00 00 01 76 50 6D 52 65 66 00 Internal length = 771 -> SSDT-x2_1-ApIst.aml
87:391  0:003        * DA00E598: 'SSDT', 'Cpu0Cst', Rev: 1, Len: 1315  53 53 44 54 23 05 00 00 01 BC 50 6D 52 65 66 00 Internal length = 1315 -> SSDT-x2_2-Cpu0Cst.aml
87:395  0:003        * DA015C18: 'SSDT', 'ApCst', Rev: 1, Len: 281  53 53 44 54 19 01 00 00 01 EC 50 6D 52 65 66 00 Internal length = 281 -> SSDT-x2_3-ApCst.aml
87:399  0:004  
87:399  0:000    8. D6FFF200: 'DMAR', 'SNB', Rev: 1, Len: 184 -> DMAR.aml
87:403  0:004    9. D6FFF2B8: 'ASF!', ' HCG', Rev: 32, Len: 165 -> ASF!.aml
87:407  0:003    10. D6FFF360: 'SLIC', 'CBX3', Rev: 3, Len: 374 -> SLIC.aml
87:413  0:006    11. D6FFF4D8: 'BGRT', '', Rev: 0, Len: 56 -> BGRT.aml
87:436  0:022    Tables in Rsdt: 12
87:436  0:000    0. D6FF3110: 'FACP', 'CBX3', Rev: 2, Len: 132 -> RSDT-FACP.aml
87:439  0:003        (Dsdt: D6FF3198, Facs: D87FE040)
87:439  0:000        D6FF3198: 'DSDT', 'CBX3', Rev: 2, Len: 42268
87:441  0:002        D87FE040: 'FACS', Ver: 0, Len: 64 -> RSDT-FACS.aml
87:444  0:003    1. D6FFD7C8: 'APIC', 'CBX3', Rev: 3, Len: 114
87:444  0:000    2. D6FFD840: 'FPDT', 'CBX3', Rev: 1, Len: 68
87:444  0:000    3. D6FFD888: 'MCFG', 'CBX3', Rev: 1, Len: 60
87:444  0:000    4. D6FFD8C8: 'HPET', 'CBX3', Rev: 1, Len: 56
87:444  0:000    5. D6FFD900: 'SSDT', 'SataTabl', Rev: 1, Len: 1045
87:444  0:000    6. D6FFDD18: 'SSDT', 'Cpu0Ist', Rev: 1, Len: 2489
87:444  0:000    7. D6FFE6D8: 'SSDT', 'CpuPm', Rev: 1, Len: 2850
87:444  0:000    8. D6FFF200: 'DMAR', 'SNB', Rev: 1, Len: 184
87:444  0:000    9. D6FFF2B8: 'ASF!', ' HCG', Rev: 32, Len: 165
87:444  0:000    10. D6FFF360: 'SLIC', 'CBX3', Rev: 3, Len: 374
87:444  0:000    11. D6FFF4D8: 'BGRT', '', Rev: 0, Len: 56
87:444  0:000  Found UEFI Acpi 1.0 RSDP at D6FF3000
87:444  0:000  Printing ACPI tables from RSDP D6FF3000 ...
87:444  0:000   D6FF3000: 'RSD PTR ', Rev: 2 (Acpi 2.0 or newer), Len: 36
87:444  0:000    (Xsdt: D6FF3080, Rsdt: D6FF3028)
87:444  0:000    D6FF3080: 'XSDT', 'CBX3', Rev: 1, Len: 132
87:444  0:000    D6FF3028: 'RSDT', 'CBX3', Rev: 1, Len: 84
87:444  0:000    Tables in Xsdt: 12
87:444  0:000    0. D6FFD6B8: 'FACP', 'CBX3', Rev: 5, Len: 268
87:444  0:000        (Dsdt: D6FF3198, Facs: D87FE080, XDsdt: D6FF3198, XFacs: 0)
87:444  0:000        D6FF3198: 'DSDT', 'CBX3', Rev: 2, Len: 42268
87:445  0:001        D87FE080: 'FACS', Ver: 2, Len: 64
87:445  0:000    1. D6FFD7C8: 'APIC', 'CBX3', Rev: 3, Len: 114
87:445  0:000    2. D6FFD840: 'FPDT', 'CBX3', Rev: 1, Len: 68
87:445  0:000    3. D6FFD888: 'MCFG', 'CBX3', Rev: 1, Len: 60
87:445  0:000    4. D6FFD8C8: 'HPET', 'CBX3', Rev: 1, Len: 56
87:445  0:000    5. D6FFD900: 'SSDT', 'SataTabl', Rev: 1, Len: 1045
87:445  0:000    6. D6FFDD18: 'SSDT', 'Cpu0Ist', Rev: 1, Len: 2489
87:445  0:000    7. D6FFE6D8: 'SSDT', 'CpuPm', Rev: 1, Len: 2850
87:445  0:000    8. D6FFF200: 'DMAR', 'SNB', Rev: 1, Len: 184
87:445  0:000    9. D6FFF2B8: 'ASF!', ' HCG', Rev: 32, Len: 165
87:445  0:000    10. D6FFF360: 'SLIC', 'CBX3', Rev: 3, Len: 374
87:445  0:000    11. D6FFF4D8: 'BGRT', '', Rev: 0, Len: 56
87:445  0:000    Tables in Rsdt: 12
87:445  0:000    0. D6FF3110: 'FACP', 'CBX3', Rev: 2, Len: 132
87:445  0:000        (Dsdt: D6FF3198, Facs: D87FE040)
87:445  0:000        D6FF3198: 'DSDT', 'CBX3', Rev: 2, Len: 42268
87:446  0:001        D87FE040: 'FACS', Ver: 0, Len: 64
87:446  0:000    1. D6FFD7C8: 'APIC', 'CBX3', Rev: 3, Len: 114
87:446  0:000    2. D6FFD840: 'FPDT', 'CBX3', Rev: 1, Len: 68
87:446  0:000    3. D6FFD888: 'MCFG', 'CBX3', Rev: 1, Len: 60
87:446  0:000    4. D6FFD8C8: 'HPET', 'CBX3', Rev: 1, Len: 56
87:446  0:000    5. D6FFD900: 'SSDT', 'SataTabl', Rev: 1, Len: 1045
87:447  0:000    6. D6FFDD18: 'SSDT', 'Cpu0Ist', Rev: 1, Len: 2489
87:447  0:000    7. D6FFE6D8: 'SSDT', 'CpuPm', Rev: 1, Len: 2850
87:447  0:000    8. D6FFF200: 'DMAR', 'SNB', Rev: 1, Len: 184
87:447  0:000    9. D6FFF2B8: 'ASF!', ' HCG', Rev: 32, Len: 165
87:447  0:000    10. D6FFF360: 'SLIC', 'CBX3', Rev: 3, Len: 374
87:447  0:000    11. D6FFF4D8: 'BGRT', '', Rev: 0, Len: 56
96:752  9:305  ParseBootOption: invalid input params
96:752  0:000  BootVariable of the entry is empty
96:752  0:000  === [ StartLoader ] =======================================
96:752  0:000  Finally: ExternalClock=25MHz BusSpeed=99677kHz CPUFreq=2592MHz PIS: hw.busfrequency=100000000Hz
96:753  0:000  Loading boot.efi  status=Success
96:789  0:036  GetOSVersion: 10.14.4 (18E227)
96:789  0:000  CSR_CFG: CSR_ALLOW_UNTRUSTED_KEXTS | CSR_ALLOW_UNRESTRICTED_FS | CSR_ALLOW_TASK_FOR_PID | CSR_ALLOW_UNRESTRICTED_DTRACE | CSR_ALLOW_UNRESTRICTED_NVRAM
96:789  0:000  Will not patch boot.efi
96:789  0:000  EmuVariable InstallEmulation: orig vars copied, emu.var.services installed, CreateEvent VirtualAddressChange = Success, CreateEvent ExitBootServices = Success, set Status=Success
96:814  0:024  === [ PatchSmbios ] =======================================
96:814  0:000  insert table 9 for dev 19:0
96:814  0:000  insert table 9 for dev 0:0
96:815  0:000  Trusting SMBIOS...
96:815  0:000  Detected alternating SMBIOS channel banks
96:815  0:000  Channels: 2
96:815  0:000  Interleave: 0 2 1 3 4 6 5 7 8 10 9 11 12 14 13 15 16 18 17 19 20 22 21 23
96:815  0:000   partNum=HMT351S6EFR8A-PB  
96:815  0:000  SMBIOS Type 17 Index = 0 => 0 0:
96:815  0:000  BANK 0 DIMM0 1600MHz 4096MB
96:815  0:000   partNum=HMT351S6EFR8A-PB  
96:815  0:000  SMBIOS Type 17 Index = 1 => 1 2:
96:815  0:000  BANK 1 DIMM0 1600MHz 4096MB
96:815  0:000  mTotalSystemMemory = 8192
96:815  0:000  NumberOfMemoryDevices = 2
96:815  0:000  Type20[0]->End = 0x3FFFFF, Type17[0] = 0x1000
96:815  0:000  Type20[1]->End = 0x7FFFFF, Type17[1] = 0x3000
96:815  0:000  Table 131 is present, CPUType=35
96:815  0:000  Change to: 604
96:815  0:000  === [ PatchACPI ] =========================================
96:815  0:000  Xsdt reallocation done
96:815  0:000  old FADT length=10C
96:815  0:000   SignatureFixup: 0x0 -> 0x0
96:815  0:000  Found OperationRegion(GNVS, SystemMemory, D87FDE18, ...)
96:815  0:000  Found OperationRegion(EXBU, SystemMemory, D87FFF18, ...)
96:815  0:000  Found OperationRegion(MCHT, SystemMemory, FED10000, ...)
96:815  0:000  Found OperationRegion(RCRB, SystemMemory, FED1C000, ...)
96:815  0:000  Found OperationRegion(CPSB, SystemMemory, DA066E18, ...)
96:815  0:000  Found OperationRegion(USBD, SystemMemory, FED1F59C, ...)
96:815  0:000  Found OperationRegion(NVID, SystemMemory, F8100000, ...)
96:815  0:000  Found OperationRegion(DXHC, SystemMemory, FED1F418, ...)
96:815  0:000  Found OperationRegion(DXHC, SystemMemory, FED1F418, ...)
96:815  0:000  Found OperationRegion(WWPR, SystemMemory, D87D6000, ...)
96:815  0:000  DSDT found in Clover volume OEM folder: EFI\CLOVER\ACPI\patched\DSDT.aml
97:116  0:300  Apply DsdtFixMask=0x1FF60100
97:116  0:000     drop _DSM mask=0x0000
97:116  0:000  === [ FixBiosDsdt ] =======================================
97:116  0:000    0 replacements
97:117  0:000  found RTC Length not match, Maybe will cause CMOS reset, will patch it.
97:117  0:000  Start Display0 Fix
97:117  0:000   builtin display
97:117  0:000  _DSM already exists, patch display will not be applied
97:117  0:000  Skipping Method(_DSM) for 8086 card
97:117  0:000  patch Display #0 of Vendor=0x8086
97:117  0:000   deleting device CRT_
97:117  0:000   deleting device DVI_
97:117  0:000   deleting device SPKR
97:118  0:000   deleting device ECP_
97:118  0:000   deleting device LPT_
97:118  0:000   deleting device FDC0
97:118  0:000   deleting device ECP1
97:118  0:000   deleting device LPT1
97:119  0:000  OperationRegion (GNVS...) corrected from 0xCEAA0E18 to addr=0xD87FDE18
97:119  0:000  OperationRegion (EXBU...) corrected from 0xCEAADF18 to addr=0xD87FFF18
97:119  0:000    indirect name=SRCB
97:119  0:000  OperationRegion (CPSB...) corrected from 0xCEAB2F98 to addr=0xDA066E18
97:119  0:000    indirect name=SMIB
97:119  0:000  OperationRegion (WWPR...) corrected from 0xCEAA8000 to addr=0xD87D6000
97:119  0:000  OperationRegion (WWPR...) corrected from 0x0 to addr=0xD87D6000
97:119  0:000  OperationRegion (WWPR...) corrected from 0x0 to addr=0xD87D6000
97:119  0:000  OperationRegion (WWPR...) corrected from 0x0 to addr=0xD87D6000
97:119  0:000  OperationRegion (WWPR...) corrected from 0x0 to addr=0xD87D6000
97:119  0:000  OperationRegion (WWPR...) corrected from 0x0 to addr=0xD87D6000
97:120  0:000  Name AC__ present at 0x9B8D, renaming to ADP1
97:120  0:000  Name AC__ present at 0x9BEA, renaming to ADP1
97:120  0:000  PreCleanup XSDT: count=12, length=132
97:120  0:000  PreCleanup XSDT, corrected XSDT: count=12, length=132
97:120  0:000  === [ ACPIDropTables ] ====================================
97:120  0:000  Drop tables from XSDT, SIGN=DMAR TableID=SNB  Length=184
97:120  0:000   Table[8]: DMAR  SNB   184 dropped
97:120  0:000  === [ DropSSDT ] ==========================================
97:120  0:000  Drop tables from XSDT, SIGN=SSDT TableID= Length=0
97:120  0:000   Table[5]: SSDT  SataTabl  1045 dropped
97:120  0:000   Table[6]: SSDT  Cpu0Ist  2489 dropped
97:120  0:000   Table[7]: SSDT  CpuPm  2850 dropped
97:120  0:000  CPUBase=0 and ApicCPUBase=1 ApicCPUNum=4
97:120  0:000  Maximum control=0x1A
97:120  0:000  Turbo control=0x21
97:120  0:000  P-States: min 0x7, max 0x21
97:120  0:000  SSDT with CPU P-States generated successfully
97:120  0:000  SSDT with CPU C-States generated successfully
97:120  0:000  Cleanup XSDT: count=14, length=148
97:120  0:000  corrected XSDT count=10, length=116
97:120  0:000  === [ RestSetup macOS ] ===================================
97:120  0:000  EdidDiscovered size=128
97:120  0:000  --- Discovered EDID Table size:128
97:120  0:000  000  |  00  FF  FF  FF  FF  FF  FF  00  30  E4
97:120  0:000  010  |  4C  03  00  00  00  00  00  16  01  04
97:120  0:000  020  |  90  1D  10  78  02  03  65  95  58  57
97:120  0:000  030  |  8E  28  1E  50  54  00  00  00  01  01
97:120  0:000  040  |  01  01  01  01  01  01  01  01  01  01
97:120  0:000  050  |  01  01  01  01  1C  1B  56  71  50  00
97:120  0:000  060  |  0E  30  28  22  53  00  25  A5  10  00
97:120  0:000  070  |  00  1A  1C  1B  56  98  51  00  D2  30
97:120  0:000  080  |  28  22  53  00  25  A5  10  00  00  1A
97:120  0:000  090  |  00  00  00  FE  00  4E  50  46  4E  36
97:120  0:000  100  |  80  31  33  33  57  48  32  0A  00  00
97:120  0:000  110  |  00  00  00  00  41  21  94  00  10  00
97:120  0:000  120  |  00  01  01  0A  20  20  00  4D
97:120  0:000  Intel HD Graphics 4000 [8086:0166] :: PciRoot(0x0)\Pci(0x2,0x0)
97:120  0:000  Intel GFX revision  = 0x9
97:120  0:000  stringlength = 2738
97:121  0:000  CurrentMode: Width=1366 Height=768
97:121  0:000  Beginning FSInjection
FSInjectionInstall ...
- Our FSI_SIMPLE_FILE_SYSTEM_PROTOCOL installed on handle: CF3E1F18
FSInjectionInstall ...
- Our FSI_SIMPLE_FILE_SYSTEM_PROTOCOL installed on handle: CF3E1F18
97:121  0:000  Use origin smbios table type 1 guid.
97:123  0:002    Force kext: :\System\Library\Extensions\IONetworkingFamily.kext
97:124  0:000  Failed to load extra kext (Info.plist not found): :\System\Library\Extensions\IONetworkingFamily.kext
97:124  0:000  Preparing kexts injection for arch=x86_64 from EFI\CLOVER\kexts\Other
97:124  0:000  Extra kext: EFI\CLOVER\kexts\Other\IntelGraphicsFixup.kext (v.1.2.7)
97:142  0:018  Extra kext: EFI\CLOVER\kexts\Other\ACPIBatteryManager.kext (v.1.81.4)
97:145  0:002  Extra kext: EFI\CLOVER\kexts\Other\BrcmPatchRAM2.kext (v.2.2.7)
97:158  0:013  Extra kext: EFI\CLOVER\kexts\Other\DisableTurboBoostBattery.kext (v.1)
97:162  0:003  Extra kext: EFI\CLOVER\kexts\Other\FakeSMC.kext (v.1372)
97:174  0:012    |-- PlugIn kext: EFI\CLOVER\kexts\Other\FakeSMC.kext\Contents\PlugIns\ACPISensors.kext (v.1372)
97:183  0:008    |-- PlugIn kext: EFI\CLOVER\kexts\Other\FakeSMC.kext\Contents\PlugIns\CPUSensors.kext (v.1372)
97:186  0:003    |-- PlugIn kext: EFI\CLOVER\kexts\Other\FakeSMC.kext\Contents\PlugIns\GPUSensors.kext (v.1372)
97:192  0:006    |-- PlugIn kext: EFI\CLOVER\kexts\Other\FakeSMC.kext\Contents\PlugIns\LPCSensors.kext (v.1372)
97:211  0:019  Extra kext: EFI\CLOVER\kexts\Other\VoodooPS2Controller.kext (v.5.0.0)
97:226  0:014    |-- PlugIn kext: EFI\CLOVER\kexts\Other\VoodooPS2Controller.kext\Contents\PlugIns\VoodooPS2Keyboard.kext (v.5.0.0)
97:233  0:006    |-- PlugIn kext: EFI\CLOVER\kexts\Other\VoodooPS2Controller.kext\Contents\PlugIns\VoodooPS2Trackpad.kext (v.5.0.0)
97:239  0:006  Extra kext: EFI\CLOVER\kexts\Other\FakePCIID_Broadcom_WiFi.kext (v.1.3.11)
97:242  0:002  Extra kext: EFI\CLOVER\kexts\Other\FakePCIID.kext (v.1.3.11)
97:245  0:003  Extra kext: EFI\CLOVER\kexts\Other\BrcmNonPatchRAM2.kext (v.2.2.7)
97:247  0:002  Extra kext: EFI\CLOVER\kexts\Other\AppleIntelE1000e.kext (v.3.0.4)
97:260  0:012  Extra kext: EFI\CLOVER\kexts\Other\NullCPUPowerManagement.kext (v.1.0.0d2)
97:266  0:005  Extra kext: EFI\CLOVER\kexts\Other\GenericUSBXHCI.kext (v.1.2.8d9)
97:270  0:004  Extra kext: EFI\CLOVER\kexts\Other\IntelBacklight.kext (v.1.0.12)
97:274  0:003  Extra kext: EFI\CLOVER\kexts\Other\AppleACPIBatteryManager.kext (v.1.0.15)
97:287  0:012  Extra kext: EFI\CLOVER\kexts\Other\AppleALC.kext (v.1.2.3)
97:306  0:019    |-- PlugIn kext: EFI\CLOVER\kexts\Other\AppleALC.kext\Contents\PlugIns\PinConfigs.kext (v.1.0.0)
97:343  0:036  Extra kext: EFI\CLOVER\kexts\Other\AirportBrcmFixup.kext (v.1.1.0)
97:355  0:012  Extra kext: EFI\CLOVER\kexts\Other\AHCIPortInjector.kext (v.1.0.0)
97:365  0:009  Extra kext: EFI\CLOVER\kexts\Other\BrcmFirmwareData.kext (v.2.2.7)
97:417  0:052  Extra kext: EFI\CLOVER\kexts\Other\Lilu.kext (v.1.2.2)
97:431  0:013  Extra kext: EFI\CLOVER\kexts\Other\RealtekRTL8100.kext (v.1)
97:440  0:009  Custom boot screen not used because entry has unset use graphics
97:441  0:000  Closing log
